/Users/vanhove/Git/pierrevanhove.github.io/vendor/bundle/ruby/4.0.0/gems/jekyll-3.9.0/lib/jekyll/log_adapter.rb:43: warning: Logger not initialized properly
/Users/vanhove/Git/pierrevanhove.github.io/vendor/bundle/ruby/4.0.0/gems/jekyll-3.9.0/lib/jekyll/stevenson.rb:5: info: Jekyll::Stevenson#initialize: does not call super probably
Configuration file: /Users/vanhove/Git/pierrevanhove.github.io/_config.yml
            Source: /Users/vanhove/Git/pierrevanhove.github.io
       Destination: /Users/vanhove/Git/pierrevanhove.github.io/_site
 Incremental build: enabled
      Generating... 
      Remote Theme: Using theme mmistakes/minimal-mistakes
/opt/homebrew/Cellar/ruby/4.0.3/lib/ruby/4.0.0/net/protocol.rb:233:in 'IO#wait_readable': Interrupt
	from /opt/homebrew/Cellar/ruby/4.0.3/lib/ruby/4.0.0/net/protocol.rb:233:in 'Net::BufferedIO#rbuf_fill'
	from /opt/homebrew/Cellar/ruby/4.0.3/lib/ruby/4.0.0/net/protocol.rb:168:in 'Net::BufferedIO#read'
	from /Users/vanhove/Git/pierrevanhove.github.io/vendor/bundle/ruby/4.0.0/gems/net-http-0.9.1/lib/net/http/response.rb:604:in 'block in Net::HTTPResponse#read_body_0'
	from /Users/vanhove/Git/pierrevanhove.github.io/vendor/bundle/ruby/4.0.0/gems/net-http-0.9.1/lib/net/http/response.rb:589:in 'Net::HTTPResponse#inflater'
	from /Users/vanhove/Git/pierrevanhove.github.io/vendor/bundle/ruby/4.0.0/gems/net-http-0.9.1/lib/net/http/response.rb:594:in 'Net::HTTPResponse#read_body_0'
	from /Users/vanhove/Git/pierrevanhove.github.io/vendor/bundle/ruby/4.0.0/gems/net-http-0.9.1/lib/net/http/response.rb:364:in 'Net::HTTPResponse#read_body'
	from /Users/vanhove/Git/pierrevanhove.github.io/vendor/bundle/ruby/4.0.0/gems/jekyll-remote-theme-0.4.3/lib/jekyll-remote-theme/downloader.rb:46:in 'block (2 levels) in Jekyll::RemoteTheme::Downloader#download'
	from /Users/vanhove/Git/pierrevanhove.github.io/vendor/bundle/ruby/4.0.0/gems/net-http-0.9.1/lib/net/http.rb:2461:in 'block in Net::HTTP#transport_request'
	from /Users/vanhove/Git/pierrevanhove.github.io/vendor/bundle/ruby/4.0.0/gems/net-http-0.9.1/lib/net/http/response.rb:321:in 'Net::HTTPResponse#reading_body'
	from /Users/vanhove/Git/pierrevanhove.github.io/vendor/bundle/ruby/4.0.0/gems/net-http-0.9.1/lib/net/http.rb:2458:in 'Net::HTTP#transport_request'
	from /Users/vanhove/Git/pierrevanhove.github.io/vendor/bundle/ruby/4.0.0/gems/net-http-0.9.1/lib/net/http.rb:2410:in 'Net::HTTP#request'
	from /Users/vanhove/Git/pierrevanhove.github.io/vendor/bundle/ruby/4.0.0/gems/jekyll-remote-theme-0.4.3/lib/jekyll-remote-theme/downloader.rb:43:in 'block in Jekyll::RemoteTheme::Downloader#download'
	from /Users/vanhove/Git/pierrevanhove.github.io/vendor/bundle/ruby/4.0.0/gems/net-http-0.9.1/lib/net/http.rb:1630:in 'Net::HTTP#start'
	from /Users/vanhove/Git/pierrevanhove.github.io/vendor/bundle/ruby/4.0.0/gems/net-http-0.9.1/lib/net/http.rb:1064:in 'Net::HTTP.start'
	from /Users/vanhove/Git/pierrevanhove.github.io/vendor/bundle/ruby/4.0.0/gems/jekyll-remote-theme-0.4.3/lib/jekyll-remote-theme/downloader.rb:42:in 'Jekyll::RemoteTheme::Downloader#download'
	from /Users/vanhove/Git/pierrevanhove.github.io/vendor/bundle/ruby/4.0.0/gems/jekyll-remote-theme-0.4.3/lib/jekyll-remote-theme/downloader.rb:24:in 'Jekyll::RemoteTheme::Downloader#run'
	from /Users/vanhove/Git/pierrevanhove.github.io/vendor/bundle/ruby/4.0.0/gems/jekyll-remote-theme-0.4.3/lib/jekyll-remote-theme/munger.rb:24:in 'Jekyll::RemoteTheme::Munger#munge!'
	from /Users/vanhove/Git/pierrevanhove.github.io/vendor/bundle/ruby/4.0.0/gems/jekyll-remote-theme-0.4.3/lib/jekyll-remote-theme.rb:27:in 'Jekyll::RemoteTheme.init'
	from /Users/vanhove/Git/pierrevanhove.github.io/vendor/bundle/ruby/4.0.0/gems/jekyll-remote-theme-0.4.3/lib/jekyll-remote-theme.rb:33:in 'block in <top (required)>'
	from /Users/vanhove/Git/pierrevanhove.github.io/vendor/bundle/ruby/4.0.0/gems/jekyll-3.9.0/lib/jekyll/hooks.rb:103:in 'block in Jekyll::Hooks.trigger'
	from /Users/vanhove/Git/pierrevanhove.github.io/vendor/bundle/ruby/4.0.0/gems/jekyll-3.9.0/lib/jekyll/hooks.rb:102:in 'Array#each'
	from /Users/vanhove/Git/pierrevanhove.github.io/vendor/bundle/ruby/4.0.0/gems/jekyll-3.9.0/lib/jekyll/hooks.rb:102:in 'Jekyll::Hooks.trigger'
	from /Users/vanhove/Git/pierrevanhove.github.io/vendor/bundle/ruby/4.0.0/gems/jekyll-3.9.0/lib/jekyll/site.rb:105:in 'Jekyll::Site#reset'
	from /Users/vanhove/Git/pierrevanhove.github.io/vendor/bundle/ruby/4.0.0/gems/jekyll-3.9.0/lib/jekyll/site.rb:68:in 'Jekyll::Site#process'
	from /Users/vanhove/Git/pierrevanhove.github.io/vendor/bundle/ruby/4.0.0/gems/jekyll-3.9.0/lib/jekyll/command.rb:28:in 'Jekyll::Command.process_site'
	from /Users/vanhove/Git/pierrevanhove.github.io/vendor/bundle/ruby/4.0.0/gems/jekyll-3.9.0/lib/jekyll/commands/build.rb:65:in 'Jekyll::Commands::Build.build'
	from /Users/vanhove/Git/pierrevanhove.github.io/vendor/bundle/ruby/4.0.0/gems/jekyll-3.9.0/lib/jekyll/commands/build.rb:36:in 'Jekyll::Commands::Build.process'
	from /Users/vanhove/Git/pierrevanhove.github.io/vendor/bundle/ruby/4.0.0/gems/jekyll-3.9.0/lib/jekyll/commands/serve.rb:93:in 'block in Jekyll::Commands::Serve.start'
	from /Users/vanhove/Git/pierrevanhove.github.io/vendor/bundle/ruby/4.0.0/gems/jekyll-3.9.0/lib/jekyll/commands/serve.rb:93:in 'Array#each'
	from /Users/vanhove/Git/pierrevanhove.github.io/vendor/bundle/ruby/4.0.0/gems/jekyll-3.9.0/lib/jekyll/commands/serve.rb:93:in 'Jekyll::Commands::Serve.start'
	from /Users/vanhove/Git/pierrevanhove.github.io/vendor/bundle/ruby/4.0.0/gems/jekyll-3.9.0/lib/jekyll/commands/serve.rb:75:in 'block (2 levels) in Jekyll::Commands::Serve.init_with_program'
	from /Users/vanhove/Git/pierrevanhove.github.io/vendor/bundle/ruby/4.0.0/gems/mercenary-0.3.6/lib/mercenary/command.rb:220:in 'block in Mercenary::Command#execute'
	from /Users/vanhove/Git/pierrevanhove.github.io/vendor/bundle/ruby/4.0.0/gems/mercenary-0.3.6/lib/mercenary/command.rb:220:in 'Array#each'
	from /Users/vanhove/Git/pierrevanhove.github.io/vendor/bundle/ruby/4.0.0/gems/mercenary-0.3.6/lib/mercenary/command.rb:220:in 'Mercenary::Command#execute'
	from /Users/vanhove/Git/pierrevanhove.github.io/vendor/bundle/ruby/4.0.0/gems/mercenary-0.3.6/lib/mercenary/program.rb:42:in 'Mercenary::Program#go'
	from /Users/vanhove/Git/pierrevanhove.github.io/vendor/bundle/ruby/4.0.0/gems/mercenary-0.3.6/lib/mercenary.rb:19:in 'Mercenary.program'
	from /Users/vanhove/Git/pierrevanhove.github.io/vendor/bundle/ruby/4.0.0/gems/jekyll-3.9.0/exe/jekyll:15:in '<top (required)>'
	from /opt/homebrew/lib/ruby/site_ruby/4.0.0/rubygems.rb:303:in 'Kernel#load'
	from /opt/homebrew/lib/ruby/site_ruby/4.0.0/rubygems.rb:303:in 'Gem.activate_and_load_bin_path'
	from /Users/vanhove/Git/pierrevanhove.github.io/vendor/bundle/ruby/4.0.0/bin/jekyll:25:in '<top (required)>'
	from /opt/homebrew/lib/ruby/gems/4.0.0/gems/bundler-4.0.3/lib/bundler/cli/exec.rb:61:in 'Kernel.load'
	from /opt/homebrew/lib/ruby/gems/4.0.0/gems/bundler-4.0.3/lib/bundler/cli/exec.rb:61:in 'Bundler::CLI::Exec#kernel_load'
	from /opt/homebrew/lib/ruby/gems/4.0.0/gems/bundler-4.0.3/lib/bundler/cli/exec.rb:24:in 'Bundler::CLI::Exec#run'
	from /opt/homebrew/lib/ruby/gems/4.0.0/gems/bundler-4.0.3/lib/bundler/cli.rb:500:in 'Bundler::CLI#exec'
	from /opt/homebrew/lib/ruby/gems/4.0.0/gems/bundler-4.0.3/lib/bundler/vendor/thor/lib/thor/command.rb:28:in 'Bundler::Thor::Command#run'
	from /opt/homebrew/lib/ruby/gems/4.0.0/gems/bundler-4.0.3/lib/bundler/vendor/thor/lib/thor/invocation.rb:127:in 'Bundler::Thor::Invocation#invoke_command'
	from /opt/homebrew/lib/ruby/gems/4.0.0/gems/bundler-4.0.3/lib/bundler/vendor/thor/lib/thor.rb:538:in 'Bundler::Thor.dispatch'
	from /opt/homebrew/lib/ruby/gems/4.0.0/gems/bundler-4.0.3/lib/bundler/cli.rb:35:in 'Bundler::CLI.dispatch'
	from /opt/homebrew/lib/ruby/gems/4.0.0/gems/bundler-4.0.3/lib/bundler/vendor/thor/lib/thor/base.rb:584:in 'Bundler::Thor::Base::ClassMethods#start'
	from /opt/homebrew/lib/ruby/gems/4.0.0/gems/bundler-4.0.3/lib/bundler/cli.rb:29:in 'Bundler::CLI.start'
	from /opt/homebrew/lib/ruby/gems/4.0.0/gems/bundler-4.0.3/exe/bundle:28:in 'block in <top (required)>'
	from /opt/homebrew/lib/ruby/gems/4.0.0/gems/bundler-4.0.3/lib/bundler/friendly_errors.rb:118:in 'Bundler.with_friendly_errors'
	from /opt/homebrew/lib/ruby/gems/4.0.0/gems/bundler-4.0.3/exe/bundle:20:in '<top (required)>'
	from /opt/homebrew/lib/ruby/site_ruby/4.0.0/rubygems.rb:303:in 'Kernel#load'
	from /opt/homebrew/lib/ruby/site_ruby/4.0.0/rubygems.rb:303:in 'Gem.activate_and_load_bin_path'
	from /opt/homebrew/opt/ruby/bin/bundle:25:in '<main>'
